<?xml version="1.0" encoding="UTF-8"?>
<testsuite xmlns:xsi="http://www.w3.org/2001/XMLSchema-instance" xsi:noNamespaceSchemaLocation="https://maven.apache.org/surefire/maven-surefire-plugin/xsd/surefire-test-report.xsd" version="3.0.2" name="com.softserve.academy.HW_09_UnitTesting.task2.NumberAnalysisTest" time="0.093" tests="13" errors="0" skipped="0" failures="0">
  <properties>
    <property name="java.specification.version" value="21"/>
    <property name="sun.cpu.isalist" value="amd64"/>
    <property name="sun.jnu.encoding" value="Cp1251"/>
    <property name="java.class.path" value="C:\Users\ogaly\IdeaProjects\UA-4725-TAF\target\test-classes;C:\Users\ogaly\IdeaProjects\UA-4725-TAF\target\classes;C:\Users\ogaly\.m2\repository\org\junit\jupiter\junit-jupiter\5.13.4\junit-jupiter-5.13.4.jar;C:\Users\ogaly\.m2\repository\org\junit\jupiter\junit-jupiter-engine\5.13.4\junit-jupiter-engine-5.13.4.jar;C:\Users\ogaly\.m2\repository\org\apiguardian\apiguardian-api\1.1.2\apiguardian-api-1.1.2.jar;C:\Users\ogaly\.m2\repository\org\junit\jupiter\junit-jupiter-params\5.13.4\junit-jupiter-params-5.13.4.jar;C:\Users\ogaly\.m2\repository\org\junit\jupiter\junit-jupiter-api\5.13.4\junit-jupiter-api-5.13.4.jar;C:\Users\ogaly\.m2\repository\org\opentest4j\opentest4j\1.3.0\opentest4j-1.3.0.jar;C:\Users\ogaly\.m2\repository\org\junit\platform\junit-platform-commons\1.13.4\junit-platform-commons-1.13.4.jar;C:\Users\ogaly\.m2\repository\org\junit\platform\junit-platform-engine\1.13.4\junit-platform-engine-1.13.4.jar;C:\Users\ogaly\.m2\repository\org\junit\platform\junit-platform-suite\1.13.4\junit-platform-suite-1.13.4.jar;C:\Users\ogaly\.m2\repository\org\junit\platform\junit-platform-suite-api\1.13.4\junit-platform-suite-api-1.13.4.jar;C:\Users\ogaly\.m2\repository\org\junit\platform\junit-platform-suite-engine\1.13.4\junit-platform-suite-engine-1.13.4.jar;C:\Users\ogaly\.m2\repository\org\junit\platform\junit-platform-suite-commons\1.13.4\junit-platform-suite-commons-1.13.4.jar;C:\Users\ogaly\.m2\repository\org\junit\platform\junit-platform-launcher\1.13.4\junit-platform-launcher-1.13.4.jar;C:\Users\ogaly\.m2\repository\org\assertj\assertj-core\3.27.4\assertj-core-3.27.4.jar;C:\Users\ogaly\.m2\repository\net\bytebuddy\byte-buddy\1.15.11\byte-buddy-1.15.11.jar;C:\Users\ogaly\.m2\repository\org\mockito\mockito-core\5.19.0\mockito-core-5.19.0.jar;C:\Users\ogaly\.m2\repository\net\bytebuddy\byte-buddy-agent\1.17.6\byte-buddy-agent-1.17.6.jar;C:\Users\ogaly\.m2\repository\org\objenesis\objenesis\3.3\objenesis-3.3.jar;C:\Users\ogaly\.m2\repository\org\mockito\mockito-junit-jupiter\5.19.0\mockito-junit-jupiter-5.19.0.jar;C:\Users\ogaly\.m2\repository\org\seleniumhq\selenium\selenium-java\4.35.0\selenium-java-4.35.0.jar;C:\Users\ogaly\.m2\repository\org\seleniumhq\selenium\selenium-api\4.35.0\selenium-api-4.35.0.jar;C:\Users\ogaly\.m2\repository\org\jspecify\jspecify\1.0.0\jspecify-1.0.0.jar;C:\Users\ogaly\.m2\repository\org\seleniumhq\selenium\selenium-chrome-driver\4.35.0\selenium-chrome-driver-4.35.0.jar;C:\Users\ogaly\.m2\repository\com\google\auto\service\auto-service-annotations\1.1.1\auto-service-annotations-1.1.1.jar;C:\Users\ogaly\.m2\repository\org\seleniumhq\selenium\selenium-chromium-driver\4.35.0\selenium-chromium-driver-4.35.0.jar;C:\Users\ogaly\.m2\repository\org\seleniumhq\selenium\selenium-json\4.35.0\selenium-json-4.35.0.jar;C:\Users\ogaly\.m2\repository\org\seleniumhq\selenium\selenium-manager\4.35.0\selenium-manager-4.35.0.jar;C:\Users\ogaly\.m2\repository\org\seleniumhq\selenium\selenium-devtools-v137\4.35.0\selenium-devtools-v137-4.35.0.jar;C:\Users\ogaly\.m2\repository\org\seleniumhq\selenium\selenium-devtools-v138\4.35.0\selenium-devtools-v138-4.35.0.jar;C:\Users\ogaly\.m2\repository\org\seleniumhq\selenium\selenium-devtools-v139\4.35.0\selenium-devtools-v139-4.35.0.jar;C:\Users\ogaly\.m2\repository\org\seleniumhq\selenium\selenium-edge-driver\4.35.0\selenium-edge-driver-4.35.0.jar;C:\Users\ogaly\.m2\repository\org\seleniumhq\selenium\selenium-firefox-driver\4.35.0\selenium-firefox-driver-4.35.0.jar;C:\Users\ogaly\.m2\repository\org\seleniumhq\selenium\selenium-http\4.35.0\selenium-http-4.35.0.jar;C:\Users\ogaly\.m2\repository\org\seleniumhq\selenium\selenium-ie-driver\4.35.0\selenium-ie-driver-4.35.0.jar;C:\Users\ogaly\.m2\repository\org\seleniumhq\selenium\selenium-remote-driver\4.35.0\selenium-remote-driver-4.35.0.jar;C:\Users\ogaly\.m2\repository\com\google\guava\guava\33.4.8-jre\guava-33.4.8-jre.jar;C:\Users\ogaly\.m2\repository\com\google\guava\failureaccess\1.0.3\failureaccess-1.0.3.jar;C:\Users\ogaly\.m2\repository\com\google\guava\listenablefuture\9999.0-empty-to-avoid-conflict-with-guava\listenablefuture-9999.0-empty-to-avoid-conflict-with-guava.jar;C:\Users\ogaly\.m2\repository\com\google\j2objc\j2objc-annotations\3.0.0\j2objc-annotations-3.0.0.jar;C:\Users\ogaly\.m2\repository\io\opentelemetry\opentelemetry-api\1.53.0\opentelemetry-api-1.53.0.jar;C:\Users\ogaly\.m2\repository\io\opentelemetry\opentelemetry-context\1.53.0\opentelemetry-context-1.53.0.jar;C:\Users\ogaly\.m2\repository\io\opentelemetry\opentelemetry-common\1.53.0\opentelemetry-common-1.53.0.jar;C:\Users\ogaly\.m2\repository\io\opentelemetry\opentelemetry-exporter-logging\1.53.0\opentelemetry-exporter-logging-1.53.0.jar;C:\Users\ogaly\.m2\repository\io\opentelemetry\opentelemetry-sdk-common\1.53.0\opentelemetry-sdk-common-1.53.0.jar;C:\Users\ogaly\.m2\repository\io\opentelemetry\opentelemetry-sdk-extension-autoconfigure-spi\1.53.0\opentelemetry-sdk-extension-autoconfigure-spi-1.53.0.jar;C:\Users\ogaly\.m2\repository\io\opentelemetry\opentelemetry-sdk-extension-autoconfigure\1.53.0\opentelemetry-sdk-extension-autoconfigure-1.53.0.jar;C:\Users\ogaly\.m2\repository\io\opentelemetry\opentelemetry-sdk-trace\1.53.0\opentelemetry-sdk-trace-1.53.0.jar;C:\Users\ogaly\.m2\repository\io\opentelemetry\opentelemetry-sdk\1.53.0\opentelemetry-sdk-1.53.0.jar;C:\Users\ogaly\.m2\repository\io\opentelemetry\opentelemetry-sdk-metrics\1.53.0\opentelemetry-sdk-metrics-1.53.0.jar;C:\Users\ogaly\.m2\repository\io\opentelemetry\opentelemetry-sdk-logs\1.53.0\opentelemetry-sdk-logs-1.53.0.jar;C:\Users\ogaly\.m2\repository\org\seleniumhq\selenium\selenium-os\4.35.0\selenium-os-4.35.0.jar;C:\Users\ogaly\.m2\repository\org\apache\commons\commons-exec\1.5.0\commons-exec-1.5.0.jar;C:\Users\ogaly\.m2\repository\org\seleniumhq\selenium\selenium-safari-driver\4.35.0\selenium-safari-driver-4.35.0.jar;C:\Users\ogaly\.m2\repository\org\seleniumhq\selenium\selenium-support\4.35.0\selenium-support-4.35.0.jar;C:\Users\ogaly\.m2\repository\io\github\bonigarcia\webdrivermanager\6.3.2\webdrivermanager-6.3.2.jar;C:\Users\ogaly\.m2\repository\com\github\docker-java\docker-java\3.6.0\docker-java-3.6.0.jar;C:\Users\ogaly\.m2\repository\com\github\docker-java\docker-java-core\3.6.0\docker-java-core-3.6.0.jar;C:\Users\ogaly\.m2\repository\com\github\docker-java\docker-java-api\3.6.0\docker-java-api-3.6.0.jar;C:\Users\ogaly\.m2\repository\com\fasterxml\jackson\core\jackson-annotations\2.19.2\jackson-annotations-2.19.2.jar;C:\Users\ogaly\.m2\repository\com\fasterxml\jackson\core\jackson-databind\2.19.2\jackson-databind-2.19.2.jar;C:\Users\ogaly\.m2\repository\com\fasterxml\jackson\core\jackson-core\2.19.2\jackson-core-2.19.2.jar;C:\Users\ogaly\.m2\repository\org\slf4j\jcl-over-slf4j\1.7.30\jcl-over-slf4j-1.7.30.jar;C:\Users\ogaly\.m2\repository\com\github\docker-java\docker-java-transport-httpclient5\3.6.0\docker-java-transport-httpclient5-3.6.0.jar;C:\Users\ogaly\.m2\repository\com\github\docker-java\docker-java-transport\3.6.0\docker-java-transport-3.6.0.jar;C:\Users\ogaly\.m2\repository\net\java\dev\jna\jna\5.17.0\jna-5.17.0.jar;C:\Users\ogaly\.m2\repository\org\brotli\dec\0.1.2\dec-0.1.2.jar;C:\Users\ogaly\.m2\repository\org\apache\commons\commons-lang3\3.18.0\commons-lang3-3.18.0.jar;C:\Users\ogaly\.m2\repository\org\apache\commons\commons-compress\1.28.0\commons-compress-1.28.0.jar;C:\Users\ogaly\.m2\repository\commons-codec\commons-codec\1.19.0\commons-codec-1.19.0.jar;C:\Users\ogaly\.m2\repository\commons-io\commons-io\2.20.0\commons-io-2.20.0.jar;C:\Users\ogaly\.m2\repository\org\apache\httpcomponents\client5\httpclient5\5.4.3\httpclient5-5.4.3.jar;C:\Users\ogaly\.m2\repository\org\apache\httpcomponents\core5\httpcore5\5.3.4\httpcore5-5.3.4.jar;C:\Users\ogaly\.m2\repository\org\apache\httpcomponents\core5\httpcore5-h2\5.3.4\httpcore5-h2-5.3.4.jar;C:\Users\ogaly\.m2\repository\org\seleniumhq\selenium\htmlunit-driver\4.13.0\htmlunit-driver-4.13.0.jar;C:\Users\ogaly\.m2\repository\net\sourceforge\htmlunit\htmlunit\2.70.0\htmlunit-2.70.0.jar;C:\Users\ogaly\.m2\repository\org\apache\httpcomponents\httpmime\4.5.14\httpmime-4.5.14.jar;C:\Users\ogaly\.m2\repository\org\apache\httpcomponents\httpclient\4.5.14\httpclient-4.5.14.jar;C:\Users\ogaly\.m2\repository\org\apache\httpcomponents\httpcore\4.4.16\httpcore-4.4.16.jar;C:\Users\ogaly\.m2\repository\net\sourceforge\htmlunit\htmlunit-core-js\2.70.0\htmlunit-core-js-2.70.0.jar;C:\Users\ogaly\.m2\repository\net\sourceforge\htmlunit\neko-htmlunit\2.70.0\neko-htmlunit-2.70.0.jar;C:\Users\ogaly\.m2\repository\net\sourceforge\htmlunit\htmlunit-cssparser\1.14.0\htmlunit-cssparser-1.14.0.jar;C:\Users\ogaly\.m2\repository\net\sourceforge\htmlunit\htmlunit-xpath\2.70.0\htmlunit-xpath-2.70.0.jar;C:\Users\ogaly\.m2\repository\org\apache\commons\commons-text\1.10.0\commons-text-1.10.0.jar;C:\Users\ogaly\.m2\repository\commons-logging\commons-logging\1.2\commons-logging-1.2.jar;C:\Users\ogaly\.m2\repository\commons-net\commons-net\3.9.0\commons-net-3.9.0.jar;C:\Users\ogaly\.m2\repository\com\shapesecurity\salvation2\3.0.1\salvation2-3.0.1.jar;C:\Users\ogaly\.m2\repository\org\eclipse\jetty\websocket\websocket-client\9.4.50.v20221201\websocket-client-9.4.50.v20221201.jar;C:\Users\ogaly\.m2\repository\org\eclipse\jetty\jetty-client\9.4.50.v20221201\jetty-client-9.4.50.v20221201.jar;C:\Users\ogaly\.m2\repository\org\eclipse\jetty\jetty-http\9.4.50.v20221201\jetty-http-9.4.50.v20221201.jar;C:\Users\ogaly\.m2\repository\org\eclipse\jetty\jetty-util\9.4.50.v20221201\jetty-util-9.4.50.v20221201.jar;C:\Users\ogaly\.m2\repository\org\eclipse\jetty\jetty-io\9.4.50.v20221201\jetty-io-9.4.50.v20221201.jar;C:\Users\ogaly\.m2\repository\org\eclipse\jetty\websocket\websocket-common\9.4.50.v20221201\websocket-common-9.4.50.v20221201.jar;C:\Users\ogaly\.m2\repository\org\eclipse\jetty\websocket\websocket-api\9.4.50.v20221201\websocket-api-9.4.50.v20221201.jar;C:\Users\ogaly\.m2\repository\com\codeborne\phantomjsdriver\1.5.0\phantomjsdriver-1.5.0.jar;C:\Users\ogaly\.m2\repository\com\squareup\okhttp3\okhttp\4.12.0\okhttp-4.12.0.jar;C:\Users\ogaly\.m2\repository\com\squareup\okio\okio\3.6.0\okio-3.6.0.jar;C:\Users\ogaly\.m2\repository\com\squareup\okio\okio-jvm\3.6.0\okio-jvm-3.6.0.jar;C:\Users\ogaly\.m2\repository\org\jetbrains\kotlin\kotlin-stdlib-common\1.9.10\kotlin-stdlib-common-1.9.10.jar;C:\Users\ogaly\.m2\repository\org\jetbrains\kotlin\kotlin-stdlib-jdk8\1.8.21\kotlin-stdlib-jdk8-1.8.21.jar;C:\Users\ogaly\.m2\repository\org\jetbrains\kotlin\kotlin-stdlib\1.8.21\kotlin-stdlib-1.8.21.jar;C:\Users\ogaly\.m2\repository\org\jetbrains\annotations\13.0\annotations-13.0.jar;C:\Users\ogaly\.m2\repository\org\jetbrains\kotlin\kotlin-stdlib-jdk7\1.8.21\kotlin-stdlib-jdk7-1.8.21.jar;C:\Users\ogaly\.m2\repository\com\google\code\gson\gson\2.13.1\gson-2.13.1.jar;C:\Users\ogaly\.m2\repository\com\google\errorprone\error_prone_annotations\2.38.0\error_prone_annotations-2.38.0.jar;C:\Users\ogaly\.m2\repository\org\slf4j\slf4j-api\2.0.17\slf4j-api-2.0.17.jar;C:\Users\ogaly\.m2\repository\org\slf4j\slf4j-reload4j\2.0.17\slf4j-reload4j-2.0.17.jar;C:\Users\ogaly\.m2\repository\ch\qos\reload4j\reload4j\1.2.22\reload4j-1.2.22.jar;C:\Users\ogaly\.m2\repository\io\github\cdimascio\dotenv-java\3.2.0\dotenv-java-3.2.0.jar;C:\Users\ogaly\.m2\repository\com\mysql\mysql-connector-j\9.4.0\mysql-connector-j-9.4.0.jar;C:\Users\ogaly\.m2\repository\com\google\protobuf\protobuf-java\4.31.1\protobuf-java-4.31.1.jar;C:\Users\ogaly\.m2\repository\org\postgresql\postgresql\42.7.7\postgresql-42.7.7.jar;C:\Users\ogaly\.m2\repository\org\checkerframework\checker-qual\3.49.3\checker-qual-3.49.3.jar;C:\Users\ogaly\.m2\repository\com\h2database\h2\2.3.232\h2-2.3.232.jar;"/>
    <property name="java.vm.vendor" value="Oracle Corporation"/>
    <property name="sun.arch.data.model" value="64"/>
    <property name="user.variant" value=""/>
    <property name="java.vendor.url" value="https://java.oracle.com/"/>
    <property name="user.timezone" value="Europe/Kiev"/>
    <property name="user.country.format" value="UA"/>
    <property name="os.name" value="Windows 10"/>
    <property name="java.vm.specification.version" value="21"/>
    <property name="sun.java.launcher" value="SUN_STANDARD"/>
    <property name="user.country" value="US"/>
    <property name="sun.boot.library.path" value="C:\Java\jdk-21.0.6\bin"/>
    <property name="sun.java.command" value="C:\Users\ogaly\AppData\Local\Temp\surefire12924869406061376720\surefirebooter-20251001175850406_3.jar C:\Users\ogaly\AppData\Local\Temp\surefire12924869406061376720 2025-10-01T17-58-50_111-jvmRun1 surefire-20251001175850406_1tmp surefire_0-20251001175850406_2tmp"/>
    <property name="jdk.debug" value="release"/>
    <property name="surefire.test.class.path" value="C:\Users\ogaly\IdeaProjects\UA-4725-TAF\target\test-classes;C:\Users\ogaly\IdeaProjects\UA-4725-TAF\target\classes;C:\Users\ogaly\.m2\repository\org\junit\jupiter\junit-jupiter\5.13.4\junit-jupiter-5.13.4.jar;C:\Users\ogaly\.m2\repository\org\junit\jupiter\junit-jupiter-engine\5.13.4\junit-jupiter-engine-5.13.4.jar;C:\Users\ogaly\.m2\repository\org\apiguardian\apiguardian-api\1.1.2\apiguardian-api-1.1.2.jar;C:\Users\ogaly\.m2\repository\org\junit\jupiter\junit-jupiter-params\5.13.4\junit-jupiter-params-5.13.4.jar;C:\Users\ogaly\.m2\repository\org\junit\jupiter\junit-jupiter-api\5.13.4\junit-jupiter-api-5.13.4.jar;C:\Users\ogaly\.m2\repository\org\opentest4j\opentest4j\1.3.0\opentest4j-1.3.0.jar;C:\Users\ogaly\.m2\repository\org\junit\platform\junit-platform-commons\1.13.4\junit-platform-commons-1.13.4.jar;C:\Users\ogaly\.m2\repository\org\junit\platform\junit-platform-engine\1.13.4\junit-platform-engine-1.13.4.jar;C:\Users\ogaly\.m2\repository\org\junit\platform\junit-platform-suite\1.13.4\junit-platform-suite-1.13.4.jar;C:\Users\ogaly\.m2\repository\org\junit\platform\junit-platform-suite-api\1.13.4\junit-platform-suite-api-1.13.4.jar;C:\Users\ogaly\.m2\repository\org\junit\platform\junit-platform-suite-engine\1.13.4\junit-platform-suite-engine-1.13.4.jar;C:\Users\ogaly\.m2\repository\org\junit\platform\junit-platform-suite-commons\1.13.4\junit-platform-suite-commons-1.13.4.jar;C:\Users\ogaly\.m2\repository\org\junit\platform\junit-platform-launcher\1.13.4\junit-platform-launcher-1.13.4.jar;C:\Users\ogaly\.m2\repository\org\assertj\assertj-core\3.27.4\assertj-core-3.27.4.jar;C:\Users\ogaly\.m2\repository\net\bytebuddy\byte-buddy\1.15.11\byte-buddy-1.15.11.jar;C:\Users\ogaly\.m2\repository\org\mockito\mockito-core\5.19.0\mockito-core-5.19.0.jar;C:\Users\ogaly\.m2\repository\net\bytebuddy\byte-buddy-agent\1.17.6\byte-buddy-agent-1.17.6.jar;C:\Users\ogaly\.m2\repository\org\objenesis\objenesis\3.3\objenesis-3.3.jar;C:\Users\ogaly\.m2\repository\org\mockito\mockito-junit-jupiter\5.19.0\mockito-junit-jupiter-5.19.0.jar;C:\Users\ogaly\.m2\repository\org\seleniumhq\selenium\selenium-java\4.35.0\selenium-java-4.35.0.jar;C:\Users\ogaly\.m2\repository\org\seleniumhq\selenium\selenium-api\4.35.0\selenium-api-4.35.0.jar;C:\Users\ogaly\.m2\repository\org\jspecify\jspecify\1.0.0\jspecify-1.0.0.jar;C:\Users\ogaly\.m2\repository\org\seleniumhq\selenium\selenium-chrome-driver\4.35.0\selenium-chrome-driver-4.35.0.jar;C:\Users\ogaly\.m2\repository\com\google\auto\service\auto-service-annotations\1.1.1\auto-service-annotations-1.1.1.jar;C:\Users\ogaly\.m2\repository\org\seleniumhq\selenium\selenium-chromium-driver\4.35.0\selenium-chromium-driver-4.35.0.jar;C:\Users\ogaly\.m2\repository\org\seleniumhq\selenium\selenium-json\4.35.0\selenium-json-4.35.0.jar;C:\Users\ogaly\.m2\repository\org\seleniumhq\selenium\selenium-manager\4.35.0\selenium-manager-4.35.0.jar;C:\Users\ogaly\.m2\repository\org\seleniumhq\selenium\selenium-devtools-v137\4.35.0\selenium-devtools-v137-4.35.0.jar;C:\Users\ogaly\.m2\repository\org\seleniumhq\selenium\selenium-devtools-v138\4.35.0\selenium-devtools-v138-4.35.0.jar;C:\Users\ogaly\.m2\repository\org\seleniumhq\selenium\selenium-devtools-v139\4.35.0\selenium-devtools-v139-4.35.0.jar;C:\Users\ogaly\.m2\repository\org\seleniumhq\selenium\selenium-edge-driver\4.35.0\selenium-edge-driver-4.35.0.jar;C:\Users\ogaly\.m2\repository\org\seleniumhq\selenium\selenium-firefox-driver\4.35.0\selenium-firefox-driver-4.35.0.jar;C:\Users\ogaly\.m2\repository\org\seleniumhq\selenium\selenium-http\4.35.0\selenium-http-4.35.0.jar;C:\Users\ogaly\.m2\repository\org\seleniumhq\selenium\selenium-ie-driver\4.35.0\selenium-ie-driver-4.35.0.jar;C:\Users\ogaly\.m2\repository\org\seleniumhq\selenium\selenium-remote-driver\4.35.0\selenium-remote-driver-4.35.0.jar;C:\Users\ogaly\.m2\repository\com\google\guava\guava\33.4.8-jre\guava-33.4.8-jre.jar;C:\Users\ogaly\.m2\repository\com\google\guava\failureaccess\1.0.3\failureaccess-1.0.3.jar;C:\Users\ogaly\.m2\repository\com\google\guava\listenablefuture\9999.0-empty-to-avoid-conflict-with-guava\listenablefuture-9999.0-empty-to-avoid-conflict-with-guava.jar;C:\Users\ogaly\.m2\repository\com\google\j2objc\j2objc-annotations\3.0.0\j2objc-annotations-3.0.0.jar;C:\Users\ogaly\.m2\repository\io\opentelemetry\opentelemetry-api\1.53.0\opentelemetry-api-1.53.0.jar;C:\Users\ogaly\.m2\repository\io\opentelemetry\opentelemetry-context\1.53.0\opentelemetry-context-1.53.0.jar;C:\Users\ogaly\.m2\repository\io\opentelemetry\opentelemetry-common\1.53.0\opentelemetry-common-1.53.0.jar;C:\Users\ogaly\.m2\repository\io\opentelemetry\opentelemetry-exporter-logging\1.53.0\opentelemetry-exporter-logging-1.53.0.jar;C:\Users\ogaly\.m2\repository\io\opentelemetry\opentelemetry-sdk-common\1.53.0\opentelemetry-sdk-common-1.53.0.jar;C:\Users\ogaly\.m2\repository\io\opentelemetry\opentelemetry-sdk-extension-autoconfigure-spi\1.53.0\opentelemetry-sdk-extension-autoconfigure-spi-1.53.0.jar;C:\Users\ogaly\.m2\repository\io\opentelemetry\opentelemetry-sdk-extension-autoconfigure\1.53.0\opentelemetry-sdk-extension-autoconfigure-1.53.0.jar;C:\Users\ogaly\.m2\repository\io\opentelemetry\opentelemetry-sdk-trace\1.53.0\opentelemetry-sdk-trace-1.53.0.jar;C:\Users\ogaly\.m2\repository\io\opentelemetry\opentelemetry-sdk\1.53.0\opentelemetry-sdk-1.53.0.jar;C:\Users\ogaly\.m2\repository\io\opentelemetry\opentelemetry-sdk-metrics\1.53.0\opentelemetry-sdk-metrics-1.53.0.jar;C:\Users\ogaly\.m2\repository\io\opentelemetry\opentelemetry-sdk-logs\1.53.0\opentelemetry-sdk-logs-1.53.0.jar;C:\Users\ogaly\.m2\repository\org\seleniumhq\selenium\selenium-os\4.35.0\selenium-os-4.35.0.jar;C:\Users\ogaly\.m2\repository\org\apache\commons\commons-exec\1.5.0\commons-exec-1.5.0.jar;C:\Users\ogaly\.m2\repository\org\seleniumhq\selenium\selenium-safari-driver\4.35.0\selenium-safari-driver-4.35.0.jar;C:\Users\ogaly\.m2\repository\org\seleniumhq\selenium\selenium-support\4.35.0\selenium-support-4.35.0.jar;C:\Users\ogaly\.m2\repository\io\github\bonigarcia\webdrivermanager\6.3.2\webdrivermanager-6.3.2.jar;C:\Users\ogaly\.m2\repository\com\github\docker-java\docker-java\3.6.0\docker-java-3.6.0.jar;C:\Users\ogaly\.m2\repository\com\github\docker-java\docker-java-core\3.6.0\docker-java-core-3.6.0.jar;C:\Users\ogaly\.m2\repository\com\github\docker-java\docker-java-api\3.6.0\docker-java-api-3.6.0.jar;C:\Users\ogaly\.m2\repository\com\fasterxml\jackson\core\jackson-annotations\2.19.2\jackson-annotations-2.19.2.jar;C:\Users\ogaly\.m2\repository\com\fasterxml\jackson\core\jackson-databind\2.19.2\jackson-databind-2.19.2.jar;C:\Users\ogaly\.m2\repository\com\fasterxml\jackson\core\jackson-core\2.19.2\jackson-core-2.19.2.jar;C:\Users\ogaly\.m2\repository\org\slf4j\jcl-over-slf4j\1.7.30\jcl-over-slf4j-1.7.30.jar;C:\Users\ogaly\.m2\repository\com\github\docker-java\docker-java-transport-httpclient5\3.6.0\docker-java-transport-httpclient5-3.6.0.jar;C:\Users\ogaly\.m2\repository\com\github\docker-java\docker-java-transport\3.6.0\docker-java-transport-3.6.0.jar;C:\Users\ogaly\.m2\repository\net\java\dev\jna\jna\5.17.0\jna-5.17.0.jar;C:\Users\ogaly\.m2\repository\org\brotli\dec\0.1.2\dec-0.1.2.jar;C:\Users\ogaly\.m2\repository\org\apache\commons\commons-lang3\3.18.0\commons-lang3-3.18.0.jar;C:\Users\ogaly\.m2\repository\org\apache\commons\commons-compress\1.28.0\commons-compress-1.28.0.jar;C:\Users\ogaly\.m2\repository\commons-codec\commons-codec\1.19.0\commons-codec-1.19.0.jar;C:\Users\ogaly\.m2\repository\commons-io\commons-io\2.20.0\commons-io-2.20.0.jar;C:\Users\ogaly\.m2\repository\org\apache\httpcomponents\client5\httpclient5\5.4.3\httpclient5-5.4.3.jar;C:\Users\ogaly\.m2\repository\org\apache\httpcomponents\core5\httpcore5\5.3.4\httpcore5-5.3.4.jar;C:\Users\ogaly\.m2\repository\org\apache\httpcomponents\core5\httpcore5-h2\5.3.4\httpcore5-h2-5.3.4.jar;C:\Users\ogaly\.m2\repository\org\seleniumhq\selenium\htmlunit-driver\4.13.0\htmlunit-driver-4.13.0.jar;C:\Users\ogaly\.m2\repository\net\sourceforge\htmlunit\htmlunit\2.70.0\htmlunit-2.70.0.jar;C:\Users\ogaly\.m2\repository\org\apache\httpcomponents\httpmime\4.5.14\httpmime-4.5.14.jar;C:\Users\ogaly\.m2\repository\org\apache\httpcomponents\httpclient\4.5.14\httpclient-4.5.14.jar;C:\Users\ogaly\.m2\repository\org\apache\httpcomponents\httpcore\4.4.16\httpcore-4.4.16.jar;C:\Users\ogaly\.m2\repository\net\sourceforge\htmlunit\htmlunit-core-js\2.70.0\htmlunit-core-js-2.70.0.jar;C:\Users\ogaly\.m2\repository\net\sourceforge\htmlunit\neko-htmlunit\2.70.0\neko-htmlunit-2.70.0.jar;C:\Users\ogaly\.m2\repository\net\sourceforge\htmlunit\htmlunit-cssparser\1.14.0\htmlunit-cssparser-1.14.0.jar;C:\Users\ogaly\.m2\repository\net\sourceforge\htmlunit\htmlunit-xpath\2.70.0\htmlunit-xpath-2.70.0.jar;C:\Users\ogaly\.m2\repository\org\apache\commons\commons-text\1.10.0\commons-text-1.10.0.jar;C:\Users\ogaly\.m2\repository\commons-logging\commons-logging\1.2\commons-logging-1.2.jar;C:\Users\ogaly\.m2\repository\commons-net\commons-net\3.9.0\commons-net-3.9.0.jar;C:\Users\ogaly\.m2\repository\com\shapesecurity\salvation2\3.0.1\salvation2-3.0.1.jar;C:\Users\ogaly\.m2\repository\org\eclipse\jetty\websocket\websocket-client\9.4.50.v20221201\websocket-client-9.4.50.v20221201.jar;C:\Users\ogaly\.m2\repository\org\eclipse\jetty\jetty-client\9.4.50.v20221201\jetty-client-9.4.50.v20221201.jar;C:\Users\ogaly\.m2\repository\org\eclipse\jetty\jetty-http\9.4.50.v20221201\jetty-http-9.4.50.v20221201.jar;C:\Users\ogaly\.m2\repository\org\eclipse\jetty\jetty-util\9.4.50.v20221201\jetty-util-9.4.50.v20221201.jar;C:\Users\ogaly\.m2\repository\org\eclipse\jetty\jetty-io\9.4.50.v20221201\jetty-io-9.4.50.v20221201.jar;C:\Users\ogaly\.m2\repository\org\eclipse\jetty\websocket\websocket-common\9.4.50.v20221201\websocket-common-9.4.50.v20221201.jar;C:\Users\ogaly\.m2\repository\org\eclipse\jetty\websocket\websocket-api\9.4.50.v20221201\websocket-api-9.4.50.v20221201.jar;C:\Users\ogaly\.m2\repository\com\codeborne\phantomjsdriver\1.5.0\phantomjsdriver-1.5.0.jar;C:\Users\ogaly\.m2\repository\com\squareup\okhttp3\okhttp\4.12.0\okhttp-4.12.0.jar;C:\Users\ogaly\.m2\repository\com\squareup\okio\okio\3.6.0\okio-3.6.0.jar;C:\Users\ogaly\.m2\repository\com\squareup\okio\okio-jvm\3.6.0\okio-jvm-3.6.0.jar;C:\Users\ogaly\.m2\repository\org\jetbrains\kotlin\kotlin-stdlib-common\1.9.10\kotlin-stdlib-common-1.9.10.jar;C:\Users\ogaly\.m2\repository\org\jetbrains\kotlin\kotlin-stdlib-jdk8\1.8.21\kotlin-stdlib-jdk8-1.8.21.jar;C:\Users\ogaly\.m2\repository\org\jetbrains\kotlin\kotlin-stdlib\1.8.21\kotlin-stdlib-1.8.21.jar;C:\Users\ogaly\.m2\repository\org\jetbrains\annotations\13.0\annotations-13.0.jar;C:\Users\ogaly\.m2\repository\org\jetbrains\kotlin\kotlin-stdlib-jdk7\1.8.21\kotlin-stdlib-jdk7-1.8.21.jar;C:\Users\ogaly\.m2\repository\com\google\code\gson\gson\2.13.1\gson-2.13.1.jar;C:\Users\ogaly\.m2\repository\com\google\errorprone\error_prone_annotations\2.38.0\error_prone_annotations-2.38.0.jar;C:\Users\ogaly\.m2\repository\org\slf4j\slf4j-api\2.0.17\slf4j-api-2.0.17.jar;C:\Users\ogaly\.m2\repository\org\slf4j\slf4j-reload4j\2.0.17\slf4j-reload4j-2.0.17.jar;C:\Users\ogaly\.m2\repository\ch\qos\reload4j\reload4j\1.2.22\reload4j-1.2.22.jar;C:\Users\ogaly\.m2\repository\io\github\cdimascio\dotenv-java\3.2.0\dotenv-java-3.2.0.jar;C:\Users\ogaly\.m2\repository\com\mysql\mysql-connector-j\9.4.0\mysql-connector-j-9.4.0.jar;C:\Users\ogaly\.m2\repository\com\google\protobuf\protobuf-java\4.31.1\protobuf-java-4.31.1.jar;C:\Users\ogaly\.m2\repository\org\postgresql\postgresql\42.7.7\postgresql-42.7.7.jar;C:\Users\ogaly\.m2\repository\org\checkerframework\checker-qual\3.49.3\checker-qual-3.49.3.jar;C:\Users\ogaly\.m2\repository\com\h2database\h2\2.3.232\h2-2.3.232.jar;"/>
    <property name="sun.cpu.endian" value="little"/>
    <property name="user.home" value="C:\Users\ogaly"/>
    <property name="user.language" value="en"/>
    <property name="java.specification.vendor" value="Oracle Corporation"/>
    <property name="java.version.date" value="2025-01-21"/>
    <property name="java.home" value="C:\Java\jdk-21.0.6"/>
    <property name="file.separator" value="\"/>
    <property name="basedir" value="C:\Users\ogaly\IdeaProjects\UA-4725-TAF"/>
    <property name="java.vm.compressedOopsMode" value="32-bit"/>
    <property name="line.separator" value="&#10;"/>
    <property name="java.vm.specification.vendor" value="Oracle Corporation"/>
    <property name="java.specification.name" value="Java Platform API Specification"/>
    <property name="name" value="jdk.net.hosts.file"/>
    <property name="surefire.real.class.path" value="C:\Users\ogaly\AppData\Local\Temp\surefire12924869406061376720\surefirebooter-20251001175850406_3.jar"/>
    <property name="user.script" value=""/>
    <property name="sun.management.compiler" value="HotSpot 64-Bit Tiered Compilers"/>
    <property name="java.runtime.version" value="21.0.6+8-LTS-188"/>
    <property name="user.name" value="ogaly"/>
    <property name="stdout.encoding" value="Cp1251"/>
    <property name="path.separator" value=";"/>
    <property name="os.version" value="10.0"/>
    <property name="java.runtime.name" value="Java(TM) SE Runtime Environment"/>
    <property name="file.encoding" value="UTF-8"/>
    <property name="java.vm.name" value="Java HotSpot(TM) 64-Bit Server VM"/>
    <property name="value" value="hosts"/>
    <property name="localRepository" value="C:\Users\ogaly\.m2\repository"/>
    <property name="java.vendor.url.bug" value="https://bugreport.java.com/bugreport/"/>
    <property name="java.io.tmpdir" value="C:\Users\ogaly\AppData\Local\Temp\"/>
    <property name="java.version" value="21.0.6"/>
    <property name="user.dir" value="C:\Users\ogaly\IdeaProjects\UA-4725-TAF"/>
    <property name="os.arch" value="amd64"/>
    <property name="surefire.application.password" value="null123"/>
    <property name="java.vm.specification.name" value="Java Virtual Machine Specification"/>
    <property name="user.language.format" value="uk"/>
    <property name="sun.os.patch.level" value=""/>
    <property name="native.encoding" value="Cp1251"/>
    <property name="java.library.path" value="C:\Java\jdk-21.0.6\bin;C:\WINDOWS\Sun\Java\bin;C:\WINDOWS\system32;C:\WINDOWS;C:\WINDOWS\system32;C:\WINDOWS;C:\WINDOWS\System32\Wbem;C:\WINDOWS\System32\WindowsPowerShell\v1.0\;C:\WINDOWS\System32\OpenSSH\;C:\Program Files\Intel\WiFi\bin\;C:\Program Files\Common Files\Intel\WirelessCommon\;C:\Program Files\dotnet\;C:\Program Files (x86)\dotnet\;C:\apache-maven-3.9.9\bin;C:\Program Files\Git\cmd;C:\Users\ogaly\Desktop\SS\Selenium\nodejsv24.8.0;C:\Java\jdk-21.0.6\bin;C:\Users\ogaly\AppData\Local\Microsoft\WindowsApps;C:\Program Files\JetBrains\IntelliJ IDEA 2025.1.1.1\bin;;;C:\IntelliJ IDEA Community Edition 2025.1.1.1\bin;;C:\Users\ogaly\AppData\Roaming\npm;."/>
    <property name="java.vm.info" value="mixed mode, sharing"/>
    <property name="stderr.encoding" value="Cp1251"/>
    <property name="java.vendor" value="Oracle Corporation"/>
    <property name="java.vm.version" value="21.0.6+8-LTS-188"/>
    <property name="sun.io.unicode.encoding" value="UnicodeLittle"/>
    <property name="java.class.version" value="65.0"/>
  </properties>
  <testcase name="testFindAverageEmptyList" classname="com.softserve.academy.HW_09_UnitTesting.task2.NumberAnalysisTest" time="0.008"/>
  <testcase name="testSortNumbers" classname="com.softserve.academy.HW_09_UnitTesting.task2.NumberAnalysisTest" time="0.003"/>
  <testcase name="testFindMax" classname="com.softserve.academy.HW_09_UnitTesting.task2.NumberAnalysisTest" time="0.0"/>
  <testcase name="testFindMin" classname="com.softserve.academy.HW_09_UnitTesting.task2.NumberAnalysisTest" time="0.016"/>
  <testcase name="testGenerateRandomNumbersSize" classname="com.softserve.academy.HW_09_UnitTesting.task2.NumberAnalysisTest" time="0.0"/>
  <testcase name="testFindAverage" classname="com.softserve.academy.HW_09_UnitTesting.task2.NumberAnalysisTest" time="0.0"/>
  <testcase name="testFindMaxEmptyList" classname="com.softserve.academy.HW_09_UnitTesting.task2.NumberAnalysisTest" time="0.015"/>
  <testcase name="testFindMinEmptyList" classname="com.softserve.academy.HW_09_UnitTesting.task2.NumberAnalysisTest" time="0.0"/>
  <testcase name="testContainsNumberTrue" classname="com.softserve.academy.HW_09_UnitTesting.task2.NumberAnalysisTest" time="0.002"/>
  <testcase name="testGenerateRandomNumbersRange" classname="com.softserve.academy.HW_09_UnitTesting.task2.NumberAnalysisTest" time="0.0"/>
  <testcase name="testRemoveEvenNumbers" classname="com.softserve.academy.HW_09_UnitTesting.task2.NumberAnalysisTest" time="0.0"/>
  <testcase name="testContainsNumberAfterRemoval" classname="com.softserve.academy.HW_09_UnitTesting.task2.NumberAnalysisTest" time="0.015"/>
  <testcase name="testContainsNumberFalse" classname="com.softserve.academy.HW_09_UnitTesting.task2.NumberAnalysisTest" time="0.0"/>
</testsuite>